2025-10-30 02:30:40,749 INFO ucb.app [req=386ae616-487d-45f2-887f-27495f118062] Incoming GET /
2025-10-30 02:30:40,756 INFO ucb.app [req=386ae616-487d-45f2-887f-27495f118062] Completed GET / -> 200
2025-10-30 02:30:40,813 INFO ucb.app [req=1f3f9ac1-0d3e-4669-a844-62af7b2fbb59] Incoming GET /favicon.ico
2025-10-30 02:30:40,814 INFO ucb.app [req=1f3f9ac1-0d3e-4669-a844-62af7b2fbb59] Completed GET /favicon.ico -> 404
2025-10-30 02:30:44,725 INFO ucb.app [req=6e84cb17-1afd-4d10-a466-a9ec9fa35104] Incoming GET /docs
2025-10-30 02:30:44,727 INFO ucb.app [req=6e84cb17-1afd-4d10-a466-a9ec9fa35104] Completed GET /docs -> 200
2025-10-30 02:30:45,711 INFO ucb.app [req=cb132f72-d831-4baa-aa08-fdbc80efb293] Incoming GET /openapi.json
2025-10-30 02:30:45,737 INFO ucb.app [req=cb132f72-d831-4baa-aa08-fdbc80efb293] Completed GET /openapi.json -> 200
2025-10-30 11:50:08,983 INFO ucb.app [req=99cb8187-0668-4f59-9180-0fc2b4aaa926] Incoming GET /
2025-10-30 11:50:08,993 INFO ucb.app [req=99cb8187-0668-4f59-9180-0fc2b4aaa926] Completed GET / -> 200
2025-10-30 11:50:09,055 INFO ucb.app [req=3b0c1b32-f18f-4604-b358-337d228dc13d] Incoming GET /favicon.ico
2025-10-30 11:50:09,058 INFO ucb.app [req=3b0c1b32-f18f-4604-b358-337d228dc13d] Completed GET /favicon.ico -> 404
2025-10-30 11:50:12,406 INFO ucb.app [req=9ccfadea-e452-4cb6-8ec1-60d1b699cc9e] Incoming GET /docs
2025-10-30 11:50:12,408 INFO ucb.app [req=9ccfadea-e452-4cb6-8ec1-60d1b699cc9e] Completed GET /docs -> 200
2025-10-30 11:50:12,751 INFO ucb.app [req=0740bd98-e782-44e1-8b7d-fbfd10d36f6b] Incoming GET /openapi.json
2025-10-30 11:50:12,799 INFO ucb.app [req=0740bd98-e782-44e1-8b7d-fbfd10d36f6b] Completed GET /openapi.json -> 200
2025-10-30 11:51:25,732 INFO ucb.app [req=aa5d48c6-96d4-41ff-9e0f-f6cd5e87607d] Incoming GET /api/v2/api/v2/candidates
2025-10-30 11:51:25,737 ERROR ucb.v2 [req=aa5d48c6-96d4-41ff-9e0f-f6cd5e87607d] Failed to load resume data: PARSED_DATA_PATH not found: C:\Users\user\Documents\Kanokpond\junior\shared_data\latest_parsed
2025-10-30 11:51:25,737 INFO ucb.app [req=aa5d48c6-96d4-41ff-9e0f-f6cd5e87607d] Completed GET /api/v2/api/v2/candidates -> 500
2025-10-30 11:57:46,468 INFO ucb.app [req=4a9d68ab-c04e-4003-adc1-b4b6698257f7] Incoming GET /docs
2025-10-30 11:57:46,468 INFO ucb.app [req=4a9d68ab-c04e-4003-adc1-b4b6698257f7] Completed GET /docs -> 200
2025-10-30 11:57:46,780 INFO ucb.app [req=e51abb16-5fda-49dc-b091-34407f773bab] Incoming GET /openapi.json
2025-10-30 11:57:46,819 INFO ucb.app [req=e51abb16-5fda-49dc-b091-34407f773bab] Completed GET /openapi.json -> 200
2025-10-30 11:57:56,971 INFO ucb.app [req=be32878e-cbe1-4fbc-b375-c9787c64de85] Incoming GET /api/v2/api/v2/candidates
2025-10-30 11:57:56,980 ERROR ucb.v2 [req=be32878e-cbe1-4fbc-b375-c9787c64de85] Failed to load resume data: PARSED_DATA_PATH not found: C:\Users\user\Documents\Kanokpond\junior\shared_data\latest_parsed
2025-10-30 11:57:56,980 INFO ucb.app [req=be32878e-cbe1-4fbc-b375-c9787c64de85] Completed GET /api/v2/api/v2/candidates -> 500
2025-10-30 12:01:09,892 INFO ucb.app [req=b7daab60-f9d1-4da3-9071-b6ae92d59d4f] Incoming GET /api/v2/api/v2/candidates
2025-10-30 12:01:09,896 ERROR ucb.v2 [req=b7daab60-f9d1-4da3-9071-b6ae92d59d4f] Failed to load resume data: PARSED_DATA_PATH not found: C:\Users\user\Documents\Kanokpond\junior\shared_data\latest_parsed
2025-10-30 12:01:09,896 INFO ucb.app [req=b7daab60-f9d1-4da3-9071-b6ae92d59d4f] Completed GET /api/v2/api/v2/candidates -> 500
2025-10-30 13:43:01,662 INFO ucb.app [req=9ca062b9-e3d4-4866-9725-7e62a4d69c29] Incoming GET /
2025-10-30 13:43:01,674 INFO ucb.app [req=9ca062b9-e3d4-4866-9725-7e62a4d69c29] Completed GET / -> 200
2025-10-30 13:43:07,245 INFO ucb.app [req=50c43d5a-8bc5-4cea-b7d6-9e0c39416f8a] Incoming GET /docs
2025-10-30 13:43:07,248 INFO ucb.app [req=50c43d5a-8bc5-4cea-b7d6-9e0c39416f8a] Completed GET /docs -> 200
2025-10-30 13:43:07,596 INFO ucb.app [req=3656f716-0c03-4916-940d-04b2a8f2ae3e] Incoming GET /openapi.json
2025-10-30 13:43:07,622 INFO ucb.app [req=3656f716-0c03-4916-940d-04b2a8f2ae3e] Completed GET /openapi.json -> 200
2025-10-30 13:43:58,316 INFO ucb.app [req=7c587439-9e36-452d-88f3-20265c72523e] Incoming GET /api/v2/api/v2/candidates
2025-10-30 13:43:58,321 ERROR ucb.v2 [req=7c587439-9e36-452d-88f3-20265c72523e] Failed to load resume data: PARSED_DATA_PATH not found: C:\Users\user\Documents\Kanokpond\junior\shared_data\latest_parsed
2025-10-30 13:43:58,321 INFO ucb.app [req=7c587439-9e36-452d-88f3-20265c72523e] Completed GET /api/v2/api/v2/candidates -> 500
2025-10-30 13:49:29,881 INFO ucb.app [req=b708966f-85f4-4885-ae30-fca53cefef48] Incoming GET /docs
2025-10-30 13:49:29,891 INFO ucb.app [req=b708966f-85f4-4885-ae30-fca53cefef48] Completed GET /docs -> 200
2025-10-30 13:49:30,185 INFO ucb.app [req=759ae9e7-dc07-4316-874d-b6e5fc1d7c3a] Incoming GET /openapi.json
2025-10-30 13:49:30,220 INFO ucb.app [req=759ae9e7-dc07-4316-874d-b6e5fc1d7c3a] Completed GET /openapi.json -> 200
2025-10-30 13:49:51,129 INFO ucb.app [req=8b790164-8498-43a9-9a3f-56b80d42592c] Incoming GET /api/v2/candidates
2025-10-30 13:49:51,138 ERROR ucb.v2 [req=8b790164-8498-43a9-9a3f-56b80d42592c] Failed to load resume data: PARSED_DATA_PATH not found: C:\Users\user\Documents\Kanokpond\junior\shared_data\latest_parsed
2025-10-30 13:49:51,138 INFO ucb.app [req=8b790164-8498-43a9-9a3f-56b80d42592c] Completed GET /api/v2/candidates -> 500
2025-10-30 13:53:15,305 INFO ucb.app [req=26dc5719-6397-4bd6-ab89-8516ffa8c572] Incoming GET /docs
2025-10-30 13:53:15,320 INFO ucb.app [req=26dc5719-6397-4bd6-ab89-8516ffa8c572] Completed GET /docs -> 200
2025-10-30 13:53:15,514 INFO ucb.app [req=e12e1a8f-a2c6-4a3f-a1f3-4c4a23f9c625] Incoming GET /openapi.json
2025-10-30 13:53:15,546 INFO ucb.app [req=e12e1a8f-a2c6-4a3f-a1f3-4c4a23f9c625] Completed GET /openapi.json -> 200
2025-10-30 13:54:12,675 INFO ucb.app [req=3a81ca0a-0999-479a-a2ad-7a7e77f660f6] Incoming GET /api/v2/candidates
2025-10-30 13:54:12,678 ERROR ucb.v2 [req=3a81ca0a-0999-479a-a2ad-7a7e77f660f6] Failed to load resume data: PARSED_DATA_PATH not found: C:\Users\user\Documents\Kanokpond\junior\shared_data\latest_parsed
2025-10-30 13:54:12,678 INFO ucb.app [req=3a81ca0a-0999-479a-a2ad-7a7e77f660f6] Completed GET /api/v2/candidates -> 500
2025-10-30 14:49:31,677 INFO ucb.app [req=1f723bf2-db9f-47ed-bfdc-04ab81f18c86] Incoming GET /docs
2025-10-30 14:49:31,679 INFO ucb.app [req=1f723bf2-db9f-47ed-bfdc-04ab81f18c86] Completed GET /docs -> 200
2025-10-30 14:49:32,015 INFO ucb.app [req=11b090d9-f4fe-4bee-9ce8-d1f540b275a9] Incoming GET /openapi.json
2025-10-30 14:49:32,049 INFO ucb.app [req=11b090d9-f4fe-4bee-9ce8-d1f540b275a9] Completed GET /openapi.json -> 200
2025-10-30 14:49:44,207 INFO ucb.app [req=f21fd713-50f4-4d83-a1fb-e7f40eaae914] Incoming GET /api/v2/candidates
2025-10-30 14:49:45,069 INFO ucb.app [req=f21fd713-50f4-4d83-a1fb-e7f40eaae914] Completed GET /api/v2/candidates -> 200
2025-10-30 14:52:55,152 INFO ucb.app [req=27bf7832-832d-4fc4-a344-d3fd8be3d06a] Incoming GET /api/v2/candidates
2025-10-30 14:52:55,192 INFO ucb.app [req=27bf7832-832d-4fc4-a344-d3fd8be3d06a] Completed GET /api/v2/candidates -> 200
2025-10-30 14:53:19,736 INFO ucb.app [req=e5b3152f-5778-4ad6-af4a-800c7236fd5d] Incoming GET /api/v2/candidates
2025-10-30 14:53:19,760 INFO ucb.app [req=e5b3152f-5778-4ad6-af4a-800c7236fd5d] Completed GET /api/v2/candidates -> 200
2025-10-30 14:57:50,330 INFO ucb.app [req=f9f5dbff-8be0-457f-a5ff-a3b9f7872bf1] Incoming GET /api/v2/candidates
2025-10-30 14:57:50,360 INFO ucb.app [req=f9f5dbff-8be0-457f-a5ff-a3b9f7872bf1] Completed GET /api/v2/candidates -> 200
2025-10-30 14:58:00,697 INFO ucb.app [req=3f1171a3-c125-4101-93aa-6f7b16e10109] Incoming GET /api/v2/candidates
2025-10-30 14:58:00,733 INFO ucb.app [req=3f1171a3-c125-4101-93aa-6f7b16e10109] Completed GET /api/v2/candidates -> 200
2025-10-30 14:59:41,321 INFO ucb.app [req=7efbcf41-9933-474b-9234-f3da2a13d95c] Incoming GET /api/v2/candidates
2025-10-30 14:59:41,351 INFO ucb.app [req=7efbcf41-9933-474b-9234-f3da2a13d95c] Completed GET /api/v2/candidates -> 200
2025-10-30 14:59:48,276 INFO ucb.app [req=0e827440-6a09-4f4d-800f-eb1f4db05f43] Incoming GET /api/v2/candidates
2025-10-30 14:59:48,311 INFO ucb.app [req=0e827440-6a09-4f4d-800f-eb1f4db05f43] Completed GET /api/v2/candidates -> 200
